2020-10-03 19:24:46,728 - instabot version: 0.117.0 (bot) - INFO - Instabot version: 0.117.0 Started
2020-10-03 19:24:46,736 - instabot version: 0.117.0 (bot) - DEBUG - Bot imported from C:\Users\Julien-PC\AppData\Local\Programs\Python\Python38\lib\site-packages\instabot\bot\bot.py
2020-10-03 19:24:46,737 - instabot version: 0.117.0 (api_login) - DEBUG - Loading cookies
2020-10-03 19:24:46,737 - instabot version: 0.117.0 (api_login) - DEBUG - Loading uuids
2020-10-03 19:24:46,738 - instabot version: 0.117.0 (api_login) - INFO - Recovery from D:\PROGRAMMATION\instagram_bot/config/streetartforeveryone_uuid_and_cookie.json: COOKIE True - UUIDs True - TIMING, DEVICE and ...
- user-agent=Instagram 117.0.0.28.123 Android (28/9.0; 420dpi; 1080x1920; OnePlus; ONEPLUS A3003; OnePlus3; qcom; en_US; 180322800)
- phone_id=58871bf1-c053-49cd-a8ea-3d0031522ac1
- uuid=6739a5e4-08e8-46cc-b50b-de657d2513e9
- client_session_id=6e401cf7-2e78-4f28-817a-ec65afce72bd
- device_id=android-40125d1149ed65b0
2020-10-03 19:24:46,741 - instabot version: 0.117.0 (api_login) - INFO - LOGIN FLOW! Just logged-in: False
2020-10-03 19:24:48,595 - instabot version: 0.117.0 (api) - DEBUG - POST to endpoint: feed/timeline/ returned response: <Response [200]>
2020-10-03 19:24:49,574 - instabot version: 0.117.0 (api) - DEBUG - POST to endpoint: feed/reels_tray/ returned response: <Response [200]>
2020-10-03 19:24:49,604 - instabot version: 0.117.0 (api) - INFO - Logged-in successfully as 'streetartforeveryone'!
2020-10-03 19:24:49,605 - instabot version: 0.117.0 (bot_checkpoint) - DEBUG - Loading Checkpoint file from: D:\PROGRAMMATION\instagram_bot/config/streetartforeveryone.checkpoint
2020-10-03 19:25:10,311 - instabot version: 0.117.0 (api) - DEBUG - POST to endpoint: media/configure/? returned response: <Response [200]>
2020-10-03 19:25:10,525 - instabot version: 0.117.0 (api) - DEBUG - POST to endpoint: qe/expose/ returned response: <Response [200]>
2020-10-03 19:25:10,527 - instabot version: 0.117.0 (bot_photo) - INFO - Photo 'img/0.jpg.REMOVE_ME' is uploaded.
2020-10-03 19:25:10,528 - instabot version: 0.117.0 (bot_checkpoint) - DEBUG - Saving Checkpoint file to: D:\PROGRAMMATION\instagram_bot/config/streetartforeveryone.checkpoint
2020-10-03 19:25:10,528 - instabot version: 0.117.0 (bot) - INFO - Total requests: 35
